[20:08:05] [Render thread/INFO]: Environment: authHost='https://authserver.mojang.com', accountsHost='https://api.mojang.com', sessionHost='https://sessionserver.mojang.com', servicesHost='https://api.minecraftservices.com', name='PROD'
[20:08:05] [Render thread/ERROR]: Failed to verify authentication
com.mojang.authlib.exceptions.AuthenticationUnavailableException: Cannot contact authentication server
	at com.mojang.authlib.yggdrasil.YggdrasilAuthenticationService.makeRequest(YggdrasilAuthenticationService.java:125) ~[authlib-2.1.28.jar:?]
	at com.mojang.authlib.yggdrasil.YggdrasilSocialInteractionsService.checkPrivileges(YggdrasilSocialInteractionsService.java:94) ~[authlib-2.1.28.jar:?]
	at com.mojang.authlib.yggdrasil.YggdrasilSocialInteractionsService.<init>(YggdrasilSocialInteractionsService.java:40) ~[authlib-2.1.28.jar:?]
	at com.mojang.authlib.yggdrasil.YggdrasilAuthenticationService.createSocialInteractionsService(YggdrasilAuthenticationService.java:152) ~[authlib-2.1.28.jar:?]
	at net.minecraft.client.Minecraft.createSocialInteractions(Minecraft.java:553) [main/:?]
	at net.minecraft.client.Minecraft.<init>(Minecraft.java:387) [main/:?]
	at net.minecraft.client.main.Main.main(Main.java:151) [main/:?]
Caused by: com.google.gson.JsonSyntaxException: java.lang.IllegalStateException: Expected BEGIN_OBJECT but was STRING at line 1 column 1 path $
	at com.google.gson.internal.bind.ReflectiveTypeAdapterFactory$Adapter.read(ReflectiveTypeAdapterFactory.java:224) ~[gson-2.8.0.jar:?]
	at com.google.gson.Gson.fromJson(Gson.java:887) ~[gson-2.8.0.jar:?]
	at com.google.gson.Gson.fromJson(Gson.java:852) ~[gson-2.8.0.jar:?]
	at com.google.gson.Gson.fromJson(Gson.java:801) ~[gson-2.8.0.jar:?]
	at com.google.gson.Gson.fromJson(Gson.java:773) ~[gson-2.8.0.jar:?]
	at com.mojang.authlib.yggdrasil.YggdrasilAuthenticationService.makeRequest(YggdrasilAuthenticationService.java:105) ~[authlib-2.1.28.jar:?]
	... 6 more
Caused by: java.lang.IllegalStateException: Expected BEGIN_OBJECT but was STRING at line 1 column 1 path $
	at com.google.gson.stream.JsonReader.beginObject(JsonReader.java:385) ~[gson-2.8.0.jar:?]
	at com.google.gson.internal.bind.ReflectiveTypeAdapterFactory$Adapter.read(ReflectiveTypeAdapterFactory.java:213) ~[gson-2.8.0.jar:?]
	at com.google.gson.Gson.fromJson(Gson.java:887) ~[gson-2.8.0.jar:?]
	at com.google.gson.Gson.fromJson(Gson.java:852) ~[gson-2.8.0.jar:?]
	at com.google.gson.Gson.fromJson(Gson.java:801) ~[gson-2.8.0.jar:?]
	at com.google.gson.Gson.fromJson(Gson.java:773) ~[gson-2.8.0.jar:?]
	at com.mojang.authlib.yggdrasil.YggdrasilAuthenticationService.makeRequest(YggdrasilAuthenticationService.java:105) ~[authlib-2.1.28.jar:?]
	... 6 more
[20:08:05] [Render thread/INFO]: Setting user: ChasePixel_
[20:08:05] [Render thread/INFO]: [STDOUT]: JVM is not debugging.
[20:08:05] [Render thread/INFO]: Backend library: LWJGL version 3.2.2 build 10
[20:08:07] [Render thread/WARN]: ERROR : Couldn't load Narrator library : Unable to load library 'SAPIWrapper_x64': Can't obtain InputStream for win32-x86-64/SAPIWrapper_x64.dll
ERROR : Couldn't load Narrator library : Unable to load library 'SAPIWrapper_x86': Can't obtain InputStream for win32-x86-64/SAPIWrapper_x86.dll

[20:08:07] [Render thread/INFO]: Reloading ResourceManager: Default
[20:08:07] [Realms Notification Availability checker #1/INFO]: Could not authorize you against Realms server: Invalid session id
[20:08:08] [Worker-Main-11/WARN]: Unable to load model: 'minecraft:owl_spawn_egg#inventory' referenced from: minecraft:owl_spawn_egg#inventory: java.io.FileNotFoundException: minecraft:models/item/owl_spawn_egg.json
[20:08:08] [Worker-Main-11/WARN]: Unable to load model: 'minecraft:raccoon_spawn_egg#inventory' referenced from: minecraft:raccoon_spawn_egg#inventory: java.io.FileNotFoundException: minecraft:models/item/raccoon_spawn_egg.json
[20:08:09] [Worker-Main-11/WARN]: Unable to resolve texture reference: #missing in minecraft:block/bookshelf
[20:08:09] [Worker-Main-11/WARN]: Unable to resolve texture reference: #missing in minecraft:item/bookshelf
[20:08:09] [Render thread/WARN]: Missing sound for event: minecraft:entity.raccoon.aggro
[20:08:09] [Render thread/WARN]: Missing sound for event: minecraft:entity.raccoon.ambient
[20:08:09] [Render thread/WARN]: Missing sound for event: minecraft:entity.raccoon.bite
[20:08:09] [Render thread/WARN]: Missing sound for event: minecraft:entity.raccoon.death
[20:08:09] [Render thread/WARN]: Missing sound for event: minecraft:entity.raccoon.eat
[20:08:09] [Render thread/WARN]: Missing sound for event: minecraft:entity.raccoon.hurt
[20:08:09] [Render thread/WARN]: Missing sound for event: minecraft:entity.raccoon.screech
[20:08:09] [Render thread/WARN]: Missing sound for event: minecraft:entity.raccoon.sleep
[20:08:09] [Render thread/WARN]: Missing sound for event: minecraft:entity.raccoon.sniff
[20:08:09] [Render thread/WARN]: Missing sound for event: minecraft:entity.raccoon.spit
[20:08:09] [Render thread/WARN]: Missing sound for event: minecraft:entity.raccoon.teleport
[20:08:09] [Render thread/WARN]: Missing sound for event: minecraft:item.mace.smash_ground
[20:08:09] [Render thread/WARN]: Missing sound for event: minecraft:item.mace.smash_heavy
[20:08:09] [Render thread/INFO]: OpenAL initialized.
[20:08:09] [Render thread/INFO]: Sound engine started
[20:08:09] [Render thread/INFO]: Created: 1024x1024x4 minecraft:textures/atlas/blocks.png-atlas
[20:08:09] [Render thread/INFO]: Created: 256x128x4 minecraft:textures/atlas/signs.png-atlas
[20:08:09] [Render thread/INFO]: Created: 1024x512x4 minecraft:textures/atlas/banner_patterns.png-atlas
[20:08:09] [Render thread/INFO]: Created: 1024x512x4 minecraft:textures/atlas/shield_patterns.png-atlas
[20:08:09] [Render thread/INFO]: Created: 256x256x4 minecraft:textures/atlas/chest.png-atlas
[20:08:09] [Render thread/INFO]: Created: 512x256x4 minecraft:textures/atlas/beds.png-atlas
[20:08:09] [Render thread/INFO]: Created: 512x256x4 minecraft:textures/atlas/shulker_boxes.png-atlas
[20:08:10] [Render thread/INFO]: Created: 256x256x0 minecraft:textures/atlas/particles.png-atlas
[20:08:10] [Render thread/INFO]: Created: 256x256x0 minecraft:textures/atlas/paintings.png-atlas
[20:08:10] [Render thread/INFO]: Created: 256x128x0 minecraft:textures/atlas/mob_effects.png-atlas
